SF:lib/app/presentation/screens/add_flashcard_screen.dart
DA:16,1
DA:21,1
DA:22,1
DA:37,0
DA:38,0
DA:39,0
DA:41,0
DA:43,0
DA:46,0
DA:47,0
DA:48,0
DA:49,0
DA:50,0
DA:52,0
DA:53,0
DA:55,0
DA:58,0
DA:62,1
DA:64,1
DA:66,1
DA:67,1
DA:72,1
DA:73,1
DA:75,1
DA:77,1
DA:78,1
DA:80,2
DA:85,1
DA:86,1
DA:87,2
DA:89,1
DA:90,0
DA:91,1
DA:92,0
DA:93,1
DA:96,2
DA:107,1
DA:110,1
DA:112,1
DA:115,1
LF:40
LH:24
end_of_record
SF:lib/app/presentation/widgets/flashcard_text_field.dart
DA:10,1
DA:17,1
DA:19,1
DA:20,1
DA:22,1
DA:23,1
DA:24,1
DA:25,2
DA:31,1
DA:32,1
DA:33,1
DA:35,2
DA:41,1
DA:43,1
DA:44,2
LF:15
LH:15
end_of_record
SF:lib/app/core/constants/firebase_constants.dart
DA:6,0
DA:7,0
DA:8,0
DA:9,0
LF:4
LH:0
end_of_record
SF:lib/app/core/errors/exceptions.dart
DA:3,0
DA:4,0
DA:5,0
DA:10,0
DA:11,0
DA:12,0
DA:17,0
DA:18,0
DA:19,0
LF:9
LH:0
end_of_record
SF:lib/app/core/helpers/ui_helper.dart
DA:6,0
DA:14,0
DA:21,0
LF:3
LH:0
end_of_record
SF:lib/app/data/card_model.dart
DA:9,0
DA:17,0
DA:20,0
DA:21,0
DA:22,0
DA:23,0
DA:24,0
DA:25,0
DA:27,0
DA:28,0
DA:31,0
DA:32,0
DA:33,0
DA:34,0
DA:35,0
DA:36,0
LF:16
LH:0
end_of_record
SF:lib/app/data/repository/flashcards_repository_impl.dart
DA:13,0
DA:16,0
DA:18,0
DA:19,0
DA:21,0
DA:23,0
DA:27,0
DA:28,0
DA:29,0
DA:30,0
DA:32,0
DA:33,0
DA:34,0
DA:36,0
DA:37,0
DA:41,0
DA:44,0
DA:45,0
DA:46,0
DA:47,0
DA:48,0
DA:49,0
DA:50,0
DA:51,0
DA:53,0
DA:54,0
DA:56,0
DA:57,0
DA:63,3
DA:64,2
LF:30
LH:2
end_of_record
SF:lib/app/domain/usecases/flashcard_usecase/add_flashcard_usecase.dart
DA:6,1
DA:8,0
DA:9,0
DA:14,3
DA:15,2
DA:16,2
LF:6
LH:4
end_of_record
SF:lib/app/presentation/logic/flashcards_logic/add_flashcard_notifier.dart
DA:14,2
DA:16,0
DA:18,0
DA:20,0
DA:21,0
DA:22,0
DA:23,0
DA:24,0
DA:25,0
DA:26,0
DA:27,0
DA:28,0
DA:29,0
DA:30,0
DA:32,0
DA:33,0
DA:34,0
DA:40,2
DA:41,1
DA:42,2
DA:43,2
LF:21
LH:5
end_of_record
